<?xml version="1.0" encoding="UTF-8"?>
<!-- Generated by org.testng.reporters.JUnitReportReporter -->
<testsuite skipped="0" hostname="ATSYSTEMS-PC" name="selbatch2.DropDownListPrint2" tests="1" failures="0" timestamp="11 Mar 2022 10:25:11 GMT" time="27.172" errors="0">
  <testcase name="checkJavaDuration" time="27.172" classname="selbatch2.DropDownListPrint2"/>
</testsuite> <!-- selbatch2.DropDownListPrint2 -->
