<?xml version="1.0" encoding="UTF-8"?>
<!-- Generated by org.testng.reporters.JUnitReportReporter -->
<testsuite skipped="0" hostname="ATSYSTEMS-PC" name="selbatch2.WaitEx" tests="1" failures="0" timestamp="13 Feb 2022 19:23:53 GMT" time="26.441" errors="0">
  <testcase name="test01" time="26.441" classname="selbatch2.WaitEx"/>
</testsuite> <!-- selbatch2.WaitEx -->
