<?xml version="1.0" encoding="UTF-8"?>
<!-- Generated by org.testng.reporters.JUnitReportReporter -->
<testsuite skipped="0" hostname="ATSYSTEMS-PC" name="selbatch2.Tabs" tests="1" failures="0" timestamp="09 Mar 2022 13:26:39 GMT" time="13.652" errors="0">
  <testcase name="checkJavaDuration" time="13.652" classname="selbatch2.Tabs"/>
</testsuite> <!-- selbatch2.Tabs -->
