<?xml version="1.0" encoding="UTF-8"?>
<!-- Generated by org.testng.reporters.JUnitReportReporter -->
<testsuite skipped="0" hostname="ATSYSTEMS-PC" name="selbatch2.DropdownlistpPrint" tests="1" failures="0" timestamp="11 Mar 2022 10:26:20 GMT" time="28.184" errors="0">
  <testcase name="checkJavaDuration" time="28.184" classname="selbatch2.DropdownlistpPrint"/>
</testsuite> <!-- selbatch2.DropdownlistpPrint -->
